{
  error: ReferenceError: connectionToDB is not defined
      at file:///app/backend/server.js:9:1
      at ModuleJob.run (node:internal/modules/esm/module_job:185:25)
      at async Promise.all (index 0)
      at async ESMLoader.import (node:internal/modules/esm/loader:281:24)
      at async loadESM (node:internal/process/esm_loader:88:5)
      at async handleMainPromise (node:internal/modules/run_main:65:12),
  level: 'error',
  message: 'uncaughtException: connectionToDB is not defined\n' +
    'ReferenceError: connectionToDB is not defined\n' +
    '    at file:///app/backend/server.js:9:1\n' +
    '    at ModuleJob.run (node:internal/modules/esm/module_job:185:25)\n' +
    '    at async Promise.all (index 0)\n' +
    '    at async ESMLoader.import (node:internal/modules/esm/loader:281:24)\n' +
    '    at async loadESM (node:internal/process/esm_loader:88:5)\n' +
    '    at async handleMainPromise (node:internal/modules/run_main:65:12)',
  stack: 'ReferenceError: connectionToDB is not defined\n' +
    '    at file:///app/backend/server.js:9:1\n' +
    '    at ModuleJob.run (node:internal/modules/esm/module_job:185:25)\n' +
    '    at async Promise.all (index 0)\n' +
    '    at async ESMLoader.import (node:internal/modules/esm/loader:281:24)\n' +
    '    at async loadESM (node:internal/process/esm_loader:88:5)\n' +
    '    at async handleMainPromise (node:internal/modules/run_main:65:12)',
  exception: true,
  date: 'Wed Feb 14 2024 23:42:26 GMT+0000 (Coordinated Universal Time)',
  process: {
    pid: 30,
    uid: 100,
    gid: 101,
    cwd: '/app',
    execPath: '/usr/local/bin/node',
    version: 'v16.13.1',
    argv: [ '/usr/local/bin/node', '/app/backend/server.js' ],
    memoryUsage: {
      rss: 70430720,
      heapTotal: 33968128,
      heapUsed: 23772888,
      external: 24184941,
      arrayBuffers: 19664559
    }
  },
  os: { loadavg: [ 2.27, 0.8, 0.29 ], uptime: 113.05 },
  trace: [
    {
      column: 1,
      file: 'file:///app/backend/server.js',
      function: null,
      line: 9,
      method: null,
      native: false
    },
    {
      column: 25,
      file: 'node:internal/modules/esm/module_job',
      function: 'ModuleJob.run',
      line: 185,
      method: 'run',
      native: false
    },
    {
      column: null,
      file: null,
      function: 'async Promise.all',
      line: null,
      method: 'all',
      native: false
    },
    {
      column: 24,
      file: 'node:internal/modules/esm/loader',
      function: 'async ESMLoader.import',
      line: 281,
      method: 'import',
      native: false
    },
    {
      column: 5,
      file: 'node:internal/process/esm_loader',
      function: 'async loadESM',
      line: 88,
      method: null,
      native: false
    },
    {
      column: 12,
      file: 'node:internal/modules/run_main',
      function: 'async handleMainPromise',
      line: 65,
      method: null,
      native: false
    }
  ],
  timestamp: '2024-02-14 11:42:26.873 PM'
}
